<?xml version="1.0" encoding="UTF-8"?>
<testng-results skipped="0" failed="0" ignored="0" total="1" passed="1">
  <reporter-output>
  </reporter-output>
  <suite name="Default suite" duration-ms="15160" started-at="2018-09-19T05:02:50Z" finished-at="2018-09-19T05:03:05Z">
    <groups>
    </groups>
    <test name="Default test" duration-ms="15160" started-at="2018-09-19T05:02:50Z" finished-at="2018-09-19T05:03:05Z">
      <class name="Day1.Cookies">
        <test-method status="PASS" signature="openbrowser()[pri:0, instance:Day1.Cookies@14acaea5]" name="openbrowser" is-config="true" duration-ms="4532" started-at="2018-09-19T05:02:50Z" finished-at="2018-09-19T05:02:54Z">
          <reporter-output>
          </reporter-output>
        </test-method> <!-- openbrowser -->
        <test-method status="PASS" signature="testcase()[pri:0, instance:Day1.Cookies@14acaea5]" name="testcase" duration-ms="10597" started-at="2018-09-19T05:02:54Z" finished-at="2018-09-19T05:03:05Z">
          <reporter-output>
          </reporter-output>
        </test-method> <!-- testcase -->
        <test-method status="PASS" signature="closebrowser()[pri:0, instance:Day1.Cookies@14acaea5]" name="closebrowser" is-config="true" duration-ms="0" started-at="2018-09-19T05:03:05Z" finished-at="2018-09-19T05:03:05Z">
          <reporter-output>
          </reporter-output>
        </test-method> <!-- closebrowser -->
      </class> <!-- Day1.Cookies -->
    </test> <!-- Default test -->
  </suite> <!-- Default suite -->
</testng-results>
