<?xml version="1.0" encoding="UTF-8"?>
<!-- Generated by org.testng.reporters.JUnitXMLReporter -->
<testsuite hostname="BDC4-D-5S40RG2" ignored="0" name="MyFirstTest" tests="5" failures="0" timestamp="17 Sep 2018 09:21:19 GMT" time="16.915" errors="0">
  <testcase name="testcase1" time="16.834" classname="Day1.Basic_annodations"/>
  <testcase name="testcase" time="0.002" classname="Day1.DataDriven"/>
  <testcase name="testcase" time="0.001" classname="Day1.DataDriven"/>
  <testcase name="testcase1" time="0.001" classname="Day1.Example2_testNG"/>
  <testcase name="testcase2" time="0.001" classname="Day1.Example2_testNG"/>
</testsuite> <!-- MyFirstTest -->
